app/build/intermediates/manifest_merge_blame_file/debug/manifest-merger-blame-debug-report.txt
1<?xml version="1.0" encoding="utf-8"?>
2<manifest xmlns:android="http://schemas.android.com/apk/res/android"
3    xmlns:dist="http://schemas.android.com/apk/distribution"
4    package="org.tensorflow.lite.examples.objectdetection"
5    android:versionCode="1"
6    android:versionName="1.0.0" >
7
8    <uses-sdk
9        android:minSdkVersion="21"
9-->src\main\AndroidManifest.xml
10        android:targetSdkVersion="32" />
10-->src\main\AndroidManifest.xml
11    <!-- Enable instant app support -->
12    <dist:module dist:instant="true" /> <!-- Declare features -->
12-->src\main\AndroidManifest.xml:7:5-40
12-->src\main\AndroidManifest.xml:7:18-37
13    <uses-feature android:name="android.hardware.camera" /> <!-- Declare permissions -->
13-->src\main\AndroidManifest.xml:8:5-60
13-->src\main\AndroidManifest.xml:8:19-57
14    <uses-permission android:name="android.permission.CAMERA" />
14-->src\main\AndroidManifest.xml:9:5-65
14-->src\main\AndroidManifest.xml:9:22-62
15    <uses-permission android:name="android.permission.WRITE_EXTERNAL_STORAGE" />
16    <uses-permission android:name="android.permission.READ_PHONE_STATE" />
17    <uses-permission android:name="android.permission.READ_EXTERNAL_STORAGE" />
18
19    <application
19-->src\main\AndroidManifest.xml:11:5-44:19
20        android:allowBackup="true"
20-->src\main\AndroidManifest.xml:12:9-35
21        android:appComponentFactory="androidx.core.app.CoreComponentFactory"
21-->[androidx.core:core:1.6.0] AndroidManifest.xml:24:18-86
22        android:debuggable="true"
23        android:icon="@mipmap/ic_launcher"
23-->src\main\AndroidManifest.xml:13:9-43
24        android:label="@string/app_name"
24-->src\main\AndroidManifest.xml:14:9-41
25        android:roundIcon="@mipmap/ic_launcher_round"
25-->src\main\AndroidManifest.xml:15:9-54
26        android:taskAffinity=""
26-->src\main\AndroidManifest.xml:16:9-32
27        android:testOnly="true" >
28        <activity
28-->src\main\AndroidManifest.xml:18:9-20:40
29            android:name="org.tensorflow.lite.examples.objectdetection.ocr_recognization"
29-->src\main\AndroidManifest.xml:19:13-46
30            android:exported="false" />
30-->src\main\AndroidManifest.xml:20:13-37
31        <activity
31-->src\main\AndroidManifest.xml:21:9-43:20
32            android:name="org.tensorflow.lite.examples.objectdetection.MainActivity"
32-->src\main\AndroidManifest.xml:22:13-41
33            android:clearTaskOnLaunch="true"
33-->src\main\AndroidManifest.xml:23:13-45
34            android:configChanges="orientation|screenLayout|screenSize|smallestScreenSize"
34-->src\main\AndroidManifest.xml:24:13-91
35            android:exported="true"
35-->src\main\AndroidManifest.xml:25:13-36
36            android:icon="@mipmap/ic_launcher"
36-->src\main\AndroidManifest.xml:26:13-47
37            android:resizeableActivity="true"
37-->src\main\AndroidManifest.xml:27:13-46
38            android:rotationAnimation="seamless"
38-->src\main\AndroidManifest.xml:28:13-49
39            android:theme="@style/AppTheme" >
39-->src\main\AndroidManifest.xml:29:13-44
40
41            <!-- Main app intent filter -->
42            <intent-filter>
42-->src\main\AndroidManifest.xml:33:13-37:29
43                <action android:name="android.intent.action.MAIN" />
43-->src\main\AndroidManifest.xml:34:17-69
43-->src\main\AndroidManifest.xml:34:25-66
44
45                <category android:name="android.intent.category.LAUNCHER" />
45-->src\main\AndroidManifest.xml:36:17-77
45-->src\main\AndroidManifest.xml:36:27-74
46            </intent-filter>
47
48            <!-- Declare notch support -->
49            <meta-data
49-->src\main\AndroidManifest.xml:40:13-42:40
50                android:name="android.notch_support"
50-->src\main\AndroidManifest.xml:41:17-53
51                android:value="true" />
51-->src\main\AndroidManifest.xml:42:17-37
52        </activity>
53
54        <uses-library
54-->[androidx.window:window:1.0.0-alpha09] AndroidManifest.xml:25:9-27:40
55            android:name="androidx.window.extensions"
55-->[androidx.window:window:1.0.0-alpha09] AndroidManifest.xml:26:13-54
56            android:required="false" />
56-->[androidx.window:window:1.0.0-alpha09] AndroidManifest.xml:27:13-37
57        <uses-library
57-->[androidx.window:window:1.0.0-alpha09] AndroidManifest.xml:28:9-30:40
58            android:name="androidx.window.sidecar"
58-->[androidx.window:window:1.0.0-alpha09] AndroidManifest.xml:29:13-51
59            android:required="false" />
59-->[androidx.window:window:1.0.0-alpha09] AndroidManifest.xml:30:13-37
60
61        <service
61-->[androidx.camera:camera-camera2:1.1.0-beta03] AndroidManifest.xml:26:9-35:19
62            android:name="androidx.camera.core.impl.MetadataHolderService"
62-->[androidx.camera:camera-camera2:1.1.0-beta03] AndroidManifest.xml:27:13-75
63            android:enabled="false"
63-->[androidx.camera:camera-camera2:1.1.0-beta03] AndroidManifest.xml:28:13-36
64            android:exported="false" >
64-->[androidx.camera:camera-camera2:1.1.0-beta03] AndroidManifest.xml:29:13-37
65            <meta-data
65-->[androidx.camera:camera-camera2:1.1.0-beta03] AndroidManifest.xml:32:13-34:89
66                android:name="androidx.camera.core.impl.MetadataHolderService.DEFAULT_CONFIG_PROVIDER"
66-->[androidx.camera:camera-camera2:1.1.0-beta03] AndroidManifest.xml:33:17-103
67                android:value="androidx.camera.camera2.Camera2Config$DefaultProvider" />
67-->[androidx.camera:camera-camera2:1.1.0-beta03] AndroidManifest.xml:34:17-86
68        </service>
69
70        <provider
70-->[androidx.lifecycle:lifecycle-process:2.2.0] AndroidManifest.xml:25:9-29:43
71            android:name="androidx.lifecycle.ProcessLifecycleOwnerInitializer"
71-->[androidx.lifecycle:lifecycle-process:2.2.0] AndroidManifest.xml:26:13-79
72            android:authorities="org.tensorflow.lite.examples.objectdetection.lifecycle-process"
72-->[androidx.lifecycle:lifecycle-process:2.2.0] AndroidManifest.xml:27:13-69
73            android:exported="false"
73-->[androidx.lifecycle:lifecycle-process:2.2.0] AndroidManifest.xml:28:13-37
74            android:multiprocess="true" />
74-->[androidx.lifecycle:lifecycle-process:2.2.0] AndroidManifest.xml:29:13-40
75    </application>
76
77</manifest>